Build started 10/29/2014 1:54:14 PM.
     1>Project "E:\gitRepo\heatingPlateProgramFinished\heatingPlateProgram\heatingPlateProgram\heatingPlateProgram.vcxproj" on node 2 (build target(s)).
     1>InitializeBuildStatus:
         Creating "Release\heatingPlateProgram.unsuccessfulbuild" because "AlwaysCreate" was specified.
       ClCompile:
         c:\Program Files (x86)\Microsoft Visual Studio 10.0\VC\bin\CL.exe /c /Zi /nologo /W3 /WX- /O2 /Oi /Oy- /GL /D WIN32 /D NDEBUG /D _CONSOLE /D _UNICODE /D UNICODE /Gm- /EHsc /MD /GS /Gy /fp:precise /Zc:wchar_t /Zc:forScope /openmp /Fo"Release\\" /Fd"Release\vc100.pdb" /Gd /TP /analyze- /errorReport:prompt heatingPlateProgram.cpp
         heatingPlateProgram.cpp
     1>heatingPlateProgram.cpp(17): warning C4305: 'initializing' : truncation from 'double' to 'const float'
     1>heatingPlateProgram.cpp(57): warning C4244: '=' : conversion from 'double' to 'float', possible loss of data
     1>heatingPlateProgram.cpp(67): warning C4244: '=' : conversion from 'double' to 'float', possible loss of data
       Link:
         c:\Program Files (x86)\Microsoft Visual Studio 10.0\VC\bin\link.exe /ERRORREPORT:PROMPT /OUT:"E:\gitRepo\heatingPlateProgramFinished\heatingPlateProgram\Release\heatingPlateProgram.exe" /INCREMENTAL:NO /NOLOGO kernel32.lib user32.lib gdi32.lib winspool.lib comdlg32.lib advapi32.lib shell32.lib ole32.lib oleaut32.lib uuid.lib odbc32.lib odbccp32.lib /MANIFEST /ManifestFile:"Release\heatingPlateProgram.exe.intermediate.manifest" /MANIFESTUAC:"level='asInvoker' uiAccess='false'" /DEBUG /PDB:"E:\gitRepo\heatingPlateProgramFinished\heatingPlateProgram\Release\heatingPlateProgram.pdb" /SUBSYSTEM:CONSOLE /OPT:REF /OPT:ICF /LTCG /TLBID:1 /DYNAMICBASE /NXCOMPAT /IMPLIB:"E:\gitRepo\heatingPlateProgramFinished\heatingPlateProgram\Release\heatingPlateProgram.lib" /MACHINE:X86 Release\heatingPlateProgram.obj
         Generating code
     1>e:\gitrepo\heatingplateprogramfinished\heatingplateprogram\heatingplateprogram\heatingplateprogram.cpp(152): warning C4789: destination of memory copy is too small
         Finished generating code
         heatingPlateProgram.vcxproj -> E:\gitRepo\heatingPlateProgramFinished\heatingPlateProgram\Release\heatingPlateProgram.exe
       Manifest:
         C:\Program Files (x86)\Microsoft SDKs\Windows\v7.0A\bin\mt.exe /nologo /verbose /outputresource:"E:\gitRepo\heatingPlateProgramFinished\heatingPlateProgram\Release\heatingPlateProgram.exe;#1" /manifest Release\heatingPlateProgram.exe.intermediate.manifest
       FinalizeBuildStatus:
         Deleting file "Release\heatingPlateProgram.unsuccessfulbuild".
         Touching "Release\heatingPlateProgram.lastbuildstate".
     1>Done Building Project "E:\gitRepo\heatingPlateProgramFinished\heatingPlateProgram\heatingPlateProgram\heatingPlateProgram.vcxproj" (build target(s)).

Build succeeded.

Time Elapsed 00:00:09.39
