Build started 11/1/2014 5:14:54 PM.
     1>Project "I:\gitRepo\heatingPlateProgramFinished\heatingPlateProgram\heatingPlateProgram\heatingPlateProgram.vcxproj" on node 2 (build target(s)).
     1>InitializeBuildStatus:
         Creating "Debug\heatingPlateProgram.unsuccessfulbuild" because "AlwaysCreate" was specified.
       MessageBuildingWithCompiler:
         Building with Intel(R) C++ Compiler XE 15.0
       ClCompile:
         ***** ClCompile (Win32 - Intel C++)
         C:\Program Files (x86)\Intel\Composer XE 2015\bin\ia32\icl.exe /c /Qvc10 /Qlocation,link,"c:\Program Files (x86)\Microsoft Visual Studio 10.0\VC\bin" /ZI /nologo /W3 /Od /Qftz- /D __INTEL_COMPILER=1500 /D WIN32 /D _DEBUG /D _CONSOLE /D _UNICODE /D UNICODE /EHsc /RTC1 /MDd /GS /Zc:wchar_t /Zc:forScope /Fo"Debug\\" /Fd"Debug\vc100.pdb" /Gd /TP heatingPlateProgram.cpp
         heatingPlateProgram.cpp
       ManifestResourceCompile:
         C:\Program Files (x86)\Microsoft SDKs\Windows\v7.0A\bin\rc.exe /nologo /fo"Debug\heatingPlateProgram.exe.embed.manifest.res" Debug\heatingPlateProgram_manifest.rc 
       Link:
         C:\Program Files (x86)\Intel\Composer XE 2015\bin\ia32\xilink.exe /OUT:"I:\gitRepo\heatingPlateProgramFinished\heatingPlateProgram\Debug\heatingPlateProgram.exe" /INCREMENTAL /NOLOGO kernel32.lib user32.lib gdi32.lib winspool.lib comdlg32.lib advapi32.lib shell32.lib ole32.lib oleaut32.lib uuid.lib odbc32.lib odbccp32.lib /MANIFEST /ManifestFile:"Debug\heatingPlateProgram.exe.intermediate.manifest" /MANIFESTUAC:"level='asInvoker' uiAccess='false'" /DEBUG /PDB:"I:\gitRepo\heatingPlateProgramFinished\heatingPlateProgram\Debug\heatingPlateProgram.pdb" /SUBSYSTEM:CONSOLE /TLBID:1 /DYNAMICBASE /NXCOMPAT /IMPLIB:"I:\gitRepo\heatingPlateProgramFinished\heatingPlateProgram\Debug\heatingPlateProgram.lib" /MACHINE:X86 Debug\heatingPlateProgram.exe.embed.manifest.res
         Debug\heatingPlateProgram.obj
         xilink: executing 'link'
         LINK : I:\gitRepo\heatingPlateProgramFinished\heatingPlateProgram\Debug\heatingPlateProgram.exe not found or not built by the last incremental link; performing full link
       Manifest:
         Deleting file "Debug\heatingPlateProgram.exe.embed.manifest".
         C:\Program Files (x86)\Microsoft SDKs\Windows\v7.0A\bin\mt.exe /nologo /verbose /out:"Debug\heatingPlateProgram.exe.embed.manifest" /manifest Debug\heatingPlateProgram.exe.intermediate.manifest
         C:\Program Files (x86)\Microsoft SDKs\Windows\v7.0A\bin\rc.exe /nologo /fo"Debug\heatingPlateProgram.exe.embed.manifest.res" Debug\heatingPlateProgram_manifest.rc 
       LinkEmbedManifest:
         C:\Program Files (x86)\Intel\Composer XE 2015\bin\ia32\xilink.exe /OUT:"I:\gitRepo\heatingPlateProgramFinished\heatingPlateProgram\Debug\heatingPlateProgram.exe" /INCREMENTAL /NOLOGO kernel32.lib user32.lib gdi32.lib winspool.lib comdlg32.lib advapi32.lib shell32.lib ole32.lib oleaut32.lib uuid.lib odbc32.lib odbccp32.lib /MANIFEST /ManifestFile:"Debug\heatingPlateProgram.exe.intermediate.manifest" /MANIFESTUAC:"level='asInvoker' uiAccess='false'" /DEBUG /PDB:"I:\gitRepo\heatingPlateProgramFinished\heatingPlateProgram\Debug\heatingPlateProgram.pdb" /SUBSYSTEM:CONSOLE /TLBID:1 /DYNAMICBASE /NXCOMPAT /IMPLIB:"I:\gitRepo\heatingPlateProgramFinished\heatingPlateProgram\Debug\heatingPlateProgram.lib" /MACHINE:X86 Debug\heatingPlateProgram.exe.embed.manifest.res
         Debug\heatingPlateProgram.obj
         xilink: executing 'link'
         heatingPlateProgram.vcxproj -> I:\gitRepo\heatingPlateProgramFinished\heatingPlateProgram\Debug\heatingPlateProgram.exe
       FinalizeBuildStatus:
         Deleting file "Debug\heatingPlateProgram.unsuccessfulbuild".
         Touching "Debug\heatingPlateProgram.lastbuildstate".
     1>Done Building Project "I:\gitRepo\heatingPlateProgramFinished\heatingPlateProgram\heatingPlateProgram\heatingPlateProgram.vcxproj" (build target(s)).

Build succeeded.

Time Elapsed 00:00:32.11
